[en.jxds-jt.com/index.html]
[backblue.gif]
[fade.gif]
[index.html]
[en.jxds-jt.com/favicon.ico]
[en.jxds-jt.com/npublic/libs/css/ceccbootstrap.min.css,global7eb1.css]
[en.jxds-jt.com/css/site7eb1.css]
[en.jxds-jt.com/css/Home_20102ebb244b40073d73d7dd9e54e555d15cae2a.min7eb1.css]
[en.jxds-jt.com/npublic/commonjs/common.min7eb1.js]
[en.jxds-jt.com/npublic/libs/core/ceccjquery.min.js,require.min.js,lib.min.js,page.min7eb1.js]
[omo-oss-image.thefastimg.com/portal-saas/new2022052122174754283/cms/image/8f9b3172-0cba-4c82-aadd-815b29e8b830.png]
[en.jxds-jt.com/upload/css/04645ba7bd284c04af8d15b86f003578efa0.css]
[en.jxds-jt.com/upload/js/5820225de81d4a3689ade7c270d1748aefa0.js]
[en.jxds-jt.com/gsjj.html]
[en.jxds-jt.com/qywh.html]
[en.jxds-jt.com/zzry.html]
[en.jxds-jt.com/work_style.html]
[en.jxds-jt.com/pro_list/949390846326120448.html]
[en.jxds-jt.com/pro_list/949392059071758336.html]
[en.jxds-jt.com/pro_list/949391964724699136.html]
[en.jxds-jt.com/pro_list/949391851059060736.html]
[en.jxds-jt.com/pro_list/949391759879471104.html]
[en.jxds-jt.com/pro_list/992082765082619904.html]
[en.jxds-jt.com/pro_list/996806404091166720.html]
[en.jxds-jt.com/pro_list/996806441412083712.html]
[en.jxds-jt.com/pro_list/996806470755434496.html]
[en.jxds-jt.com/news_list/1977.html]
[en.jxds-jt.com/news_list/3366.html]
[en.jxds-jt.com/news_list/3365.html]
[en.jxds-jt.com/news_list/2598338.html]
[en.jxds-jt.com/xswl.html]
[en.jxds-jt.com/fwbz.html]
[en.jxds-jt.com/hzhb.html]
[en.jxds-jt.com/join_us.html]
[en.jxds-jt.com/contact.html]
[omo-oss-image.thefastimg.com/portal-saas/new2022052122174754283/cms/image/b8d6293e-89f4-4026-ad7e-757c29c825b8.png]
[omo-oss-image.thefastimg.com/portal-saas/new2022052122174754283/cms/image/d8691eff-bee9-4e51-956f-06fd9b9214e4.png]
[omo-oss-image.thefastimg.com/portal-saas/new2022052122174754283/cms/image/ecbd3e5d-6d5c-4c08-b77a-4291f4090382.jpg]
[en.jxds-jt.com/npublic/img/s.png]
[omo-oss-image.thefastimg.com/portal-saas/new2022052122174754283/cms/image/9e397c10-199e-45b1-b1c1-01561d0b1cc2.png]
[en.jxds-jt.com/upload/css/520d2d9dff6349088eca17790f51ede1efa0.css]
[en.jxds-jt.com/upload/js/213b73bf5860480798506dfdfef1905fefa0.js]
[www.sagacnc.com/upload/js/jquery.running.min.29.delayed]
[en.jxds-jt.com/upload/js/41037c112dfd432b8d02e0ca5613ba2fefa0.js]
[omo-oss-image.thefastimg.com/portal-saas/new2022052122174754283/cms/image/6068b79f-7f19-4704-a6fb-3bac7b6e6181.png]
[en.jxds-jt.com/news_detail/12880411.html]
[en.jxds-jt.com/news_detail/12880290.html]
[en.jxds-jt.com/China News Agency, Beijing, September 7 (Reporter Wang Zumin) On the 7th, the Ministry of Civil Affairs of China publicly solicited opinions on the]
[en.jxds-jt.com/news_detail/12880196.html]
[en.jxds-jt.com/China News Service, July 11. According to the website of the Ministry of Civil Affairs, recently, the Ministry of Civil Affairs issued an action plan for promoting]
[omo-oss-image.thefastimg.com/portal-saas/new2021112609182188195/cms/image/84f42906-fcf4-4fe6-aca2-3a2054ae68ec.png]
[omo-oss-image.thefastimg.com/portal-saas/new2021112609182188195/cms/image/2934c274-0cd8-4443-b7af-f0e5d73fc77b.png]
[omo-oss-image.thefastimg.com/portal-saas/new2021112609182188195/cms/image/7740580c-cd3f-47da-a1fd-025b4b2b9625.png]
[omo-oss-image.thefastimg.com/portal-saas/new2021112609182188195/cms/image/939cf7b3-fcee-4ced-a548-9bcb41bfb4f0.png]
[en.jxds-jt.com/index.html]
[en.jxds-jt.com/seoList.html]
[en.jxds-jt.com/assets/sprites.37.delayed]
[en.jxds-jt.com/npublic/libs/css/ceccbootstrap.min.css,global7eb1.css]
[en.jxds-jt.com/css/site7eb1.css]
[omo-oss-image1.thefastimg.com/portal-saas/new2022052122174754283/cms/image/b7f0467e-ffde-4c38-9466-e8047046dc29.jpg]
[omo-oss-image1.thefastimg.com/portal-saas/new2022060916314444799/cms/image/b37a70d8-356d-408c-b9d6-85b888ac5c6f.png]
[en.jxds-jt.com/css/Home_20102ebb244b40073d73d7dd9e54e555d15cae2a.min7eb1.css]
[en.jxds-jt.com/upload/css/04645ba7bd284c04af8d15b86f003578efa0.css]
[en.jxds-jt.com/gsjj.html]
[en.jxds-jt.com/css/gsjj_46da7a779faca74aa78da200c9e0eacdfb2c4278.min7eb1.css]
[en.jxds-jt.com/css/qywh_59dd4aa66b0c9992f7f641d1264f24cc59568118.min7eb1.css]
[omo-oss-image.thefastimg.com/portal-saas/new2021110816245422852/cms/image/cb7b04f9-ff33-4080-80df-5f696585c85f.jpg]
[omo-oss-image.thefastimg.com/portal-saas/new2021110816245422852/cms/image/cffa4880-1d48-4357-8eca-de1105641206.jpg]
[omo-oss-image.thefastimg.com/portal-saas/new2021110816245422852/cms/image/80d149fc-8a0f-4083-ac08-a8899c459460.jpg]
[omo-oss-image.thefastimg.com/portal-saas/new2022052122174754283/cms/image/41a5bcb6-9775-4112-8eac-a8452b29b5cd.jpg]
[en.jxds-jt.com/qywh.html]
[en.jxds-jt.com/css/zzry_fc6ebfd46d4d4946dac12c0bdb89b5ffe6a50e21.min7eb1.css]
[omo-oss-image.thefastimg.com/portal-saas/new2022052122174754283/cms/image/27a7990f-938d-4934-ab6b-106eeac0f542.jpg]
[omo-oss-image.thefastimg.com/portal-saas/new2022052122174754283/cms/image/8e0fd0f7-8ccb-49ba-a3ec-4fafe74594e7.jpg]
[omo-oss-image.thefastimg.com/portal-saas/new2022052122174754283/cms/image/eb8e8a32-3152-43af-ac99-bf77d90e5589.jpg]
[omo-oss-image.thefastimg.com/portal-saas/new2022052122174754283/cms/image/7bb11b53-4a2c-405b-ac2c-c27f5c2a4578.jpg]
[omo-oss-image.thefastimg.com/portal-saas/new2022052122174754283/cms/image/73906fa4-b822-499e-b46b-391fb6e3a222.jpg]
[omo-oss-image.thefastimg.com/portal-saas/new2022052122174754283/cms/image/8aeff5e9-0f6a-4404-aa9b-8d8a49dea3b4.jpg]
[omo-oss-image.thefastimg.com/portal-saas/new2022052122174754283/cms/image/04eed14a-1301-4597-b09b-fa4b7693b562.jpg]
[omo-oss-image.thefastimg.com/portal-saas/new2022052122174754283/cms/image/925ef17b-73f6-4c8f-8726-592817e4c3de.jpg]
[omo-oss-image.thefastimg.com/portal-saas/new2022052122174754283/cms/image/dda8f07b-cb81-4469-9ef0-c2ab5cae188b.jpg]
[omo-oss-image.thefastimg.com/portal-saas/new2022052122174754283/cms/image/be3d7b8b-2164-4c18-a13f-7a3660ddbd7f.jpg]
[omo-oss-image.thefastimg.com/portal-saas/new2022052122174754283/cms/image/694cf205-c361-44ba-9e0f-a53d49c62c35.jpg]
[omo-oss-image.thefastimg.com/portal-saas/new2022052122174754283/cms/image/ba01cfca-4ec1-418a-8e97-ea8cb6e234f7.jpg]
[en.jxds-jt.com/zzry/p-0-12.html]
[en.jxds-jt.com/zzry/p-12-12.html]
[dfs.yun300.cn/group1/M00/06/44/rBQBHWBUfSeEdJULAAAAAKRNHsU818.png]
[en.jxds-jt.com/zzry.html]
[en.jxds-jt.com/css/work_style_34f6ac4bbd2e5d300287101be0e02ba801007171.min7eb1.css]
[en.jxds-jt.com/work_style.html]
[en.jxds-jt.com/work_style/p-0-6.html]
[en.jxds-jt.com/css/pro_list_fdc522bce7242da5bbfb8078709f042e150c61de.min7eb1.css]
[en.jxds-jt.com/pro_detail/996797700321824768.html]
[omo-oss-image.thefastimg.com/portal-saas/new2022052122174754283/cms/image/b351df39-9363-4b6f-8c26-cb9b754934e5.jpg]
[omo-oss-image.thefastimg.com/portal-saas/new2022052122174754283/cms/image/e641a987-f59b-4326-beb0-5250ff3cce02.jpg]
[en.jxds-jt.com/pro_detail/996797623621472256.html]
[omo-oss-image.thefastimg.com/portal-saas/new2022052122174754283/cms/image/e1a72eae-6359-4248-bde5-27e25496aca6.jpg]
[en.jxds-jt.com/pro_detail/996797545116684288.html]
[en.jxds-jt.com/pro_detail/996797467454066688.html]
[omo-oss-image.thefastimg.com/portal-saas/new2022052122174754283/cms/image/cfc9cf08-aea2-47ea-b56b-2240763f4a15.jpg]
[omo-oss-image.thefastimg.com/portal-saas/new2022052122174754283/cms/image/0b00f666-aa16-4dcd-bb34-cd6e31b3fc3e.jpg]
[en.jxds-jt.com/pro_detail/996797394729914368.html]
[en.jxds-jt.com/pro_detail/996797289925955584.html]
[omo-oss-image.thefastimg.com/portal-saas/new2022052122174754283/cms/image/ceb3a7e6-0dd5-4e37-98db-61c92ad9b78b.jpg]
[en.jxds-jt.com/pro_detail/996797180510031872.html]
[omo-oss-image.thefastimg.com/portal-saas/new2022052122174754283/cms/image/980fe7d8-2ff8-42fd-9510-a6eed7e53f34.jpg]
[omo-oss-image.thefastimg.com/portal-saas/new2022052122174754283/cms/image/7fc3e131-612e-4de8-aaf5-2aa9183422e0.jpg]
[en.jxds-jt.com/pro_detail/996797107441061888.html]
[en.jxds-jt.com/pro_detail/996797005146181632.html]
[omo-oss-image.thefastimg.com/portal-saas/new2022052122174754283/cms/image/9766c2bf-cce0-4761-9e3f-fda65a056e8c.jpg]
[en.jxds-jt.com/pro_detail/996796672965693440.html]
[omo-oss-image.thefastimg.com/portal-saas/new2022052122174754283/cms/image/82462e85-46cd-4d7a-b081-551d4c3caa36.jpg]
[en.jxds-jt.com/pro_detail/996796606518644736.html]
[omo-oss-image.thefastimg.com/portal-saas/new2022052122174754283/cms/image/8f1a8001-543c-44e5-aaa0-334af8cb224c.jpg]
[en.jxds-jt.com/pro_detail/996796498192355328.html]
[omo-oss-image.thefastimg.com/portal-saas/new2022052122174754283/cms/image/b4630db8-e801-4d18-9c2a-b96b79ff79cb.jpg]
[en.jxds-jt.com/pro_detail/996791338942582784.html]
[omo-oss-image.thefastimg.com/portal-saas/new2022052122174754283/cms/image/22eec1f7-f022-47fe-a29d-d5f4b350adaf.jpg]
[en.jxds-jt.com/pro_detail/996791013025075200.html]
[omo-oss-image.thefastimg.com/portal-saas/new2022052122174754283/cms/image/b80bfb8e-3823-47cb-a59d-8d8eb9ee9e4a.jpg]
[en.jxds-jt.com/pro_detail/996790781486026752.html]
[omo-oss-image.thefastimg.com/portal-saas/new2022052122174754283/cms/image/5e980ce5-fd3b-4682-8252-0c9aff0411c2.jpg]
[omo-oss-image.thefastimg.com/portal-saas/new2022052122174754283/cms/image/e33390ee-bc2f-4a16-8983-3da54f17ac5e.jpg]
[en.jxds-jt.com/pro_detail/996790509766430720.html]
[en.jxds-jt.com/pro_list/949390846326120448-0-16.html]
[en.jxds-jt.com/pro_list/949390846326120448-16-16.html]
[en.jxds-jt.com/pro_list/949390846326120448.html]
[en.jxds-jt.com/pro_list/949390846326120448-32-16.html]
[omo-oss-image.thefastimg.com/portal-saas/new2022052122174754283/cms/image/f9edc180-d80e-4d9b-af12-1ce4a6de4354.jpg]
[en.jxds-jt.com/pro_detail/996472868275212288.html]
[omo-oss-image.thefastimg.com/portal-saas/new2022052122174754283/cms/image/61d64083-2ec7-45a4-a350-7c2e8de21c32.jpg]
[en.jxds-jt.com/pro_detail/996384771760803840.html]
[omo-oss-image.thefastimg.com/portal-saas/new2022052122174754283/cms/image/f11aa527-84d9-4f34-a632-a776802fd707.jpg]
[en.jxds-jt.com/pro_detail/996363278314196992.html]
[en.jxds-jt.com/pro_detail/996345254638243840.html]
[omo-oss-image.thefastimg.com/portal-saas/new2022052122174754283/cms/image/d57fa1e8-1b15-4d6a-8ec6-1c5ab840262c.jpg]
[en.jxds-jt.com/pro_list/949392059071758336.html]
[en.jxds-jt.com/pro_list/949392059071758336-0-16.html]
[omo-oss-image.thefastimg.com/portal-saas/new2022052122174754283/cms/image/7212e557-edd4-4ee5-9170-58f331a3282b.jpg]
[en.jxds-jt.com/pro_detail/996790161023520768.html]
[omo-oss-image.thefastimg.com/portal-saas/new2022052122174754283/cms/image/b72a3a51-208d-4650-b59a-1c8ce290e58b.jpg]
[en.jxds-jt.com/pro_detail/996789808651653120.html]
[en.jxds-jt.com/pro_detail/996789666976452608.html]
[omo-oss-image.thefastimg.com/portal-saas/new2022052122174754283/cms/image/5d29319a-9581-43f9-9bbb-d0fa4db1cc90.jpg]
[omo-oss-image.thefastimg.com/portal-saas/new2022052122174754283/cms/image/b1fc795e-bb46-4669-afb6-8e2a56b78f27.jpg]
[en.jxds-jt.com/pro_detail/996789383415451648.html]
[omo-oss-image.thefastimg.com/portal-saas/new2022052122174754283/cms/image/a2a89e84-b48e-40f8-a828-771de7661838.jpg]
[en.jxds-jt.com/pro_detail/996789274993577984.html]
[omo-oss-image.thefastimg.com/portal-saas/new2022052122174754283/cms/image/c1319b99-31d5-44c4-acc0-f28e18bafe59.jpg]
[en.jxds-jt.com/pro_detail/996788963875999744.html]
[en.jxds-jt.com/pro_detail/996788448585666560.html]
[omo-oss-image.thefastimg.com/portal-saas/new2022052122174754283/cms/image/b31ebde7-0dee-455e-ae02-7f32567d0567.jpg]
[omo-oss-image.thefastimg.com/portal-saas/new2022052122174754283/cms/image/99cfe5b0-37a6-45aa-906f-2c3e2d40e94a.jpg]
[en.jxds-jt.com/pro_detail/996785151715037184.html]
[en.jxds-jt.com/pro_detail/996784652082040832.html]
[omo-oss-image.thefastimg.com/portal-saas/new2022052122174754283/cms/image/6d89f0e1-9802-4eb1-8fd5-07fb0dd73138.jpg]
[en.jxds-jt.com/pro_detail/996779841306742784.html]
[omo-oss-image.thefastimg.com/portal-saas/new2022052122174754283/cms/image/02d0d11e-68f2-43b4-8457-8ca35cf25c97.jpg]
[en.jxds-jt.com/pro_detail/996779677221376000.html]
[omo-oss-image.thefastimg.com/portal-saas/new2022052122174754283/cms/image/20b8ec55-defd-48ff-b9a0-95da3156d490.jpg]
[en.jxds-jt.com/pro_detail/996779448192290816.html]
[omo-oss-image.thefastimg.com/portal-saas/new2022052122174754283/cms/image/03062652-b9e2-4202-9c61-9900c73f1a35.jpg]
[en.jxds-jt.com/pro_list/949391964724699136-0-16.html]
[en.jxds-jt.com/pro_list/949391964724699136-16-16.html]
[en.jxds-jt.com/pro_list/949391964724699136.html]
[en.jxds-jt.com/pro_list/949391851059060736-0-16.html]
[en.jxds-jt.com/pro_list/949391851059060736.html]
[omo-oss-image.thefastimg.com/portal-saas/new2022052122174754283/cms/image/bff57a0a-c682-46e2-b3ef-95c661dbc18b.jpg]
[en.jxds-jt.com/pro_detail/996783493028073472.html]
[en.jxds-jt.com/pro_list/949391759879471104-0-16.html]
[en.jxds-jt.com/pro_list/949391759879471104.html]
[en.jxds-jt.com/pro_detail/996782368626561024.html]
[omo-oss-image.thefastimg.com/portal-saas/new2022052122174754283/cms/image/d731cc5d-78b8-4768-bb22-e5076f18f5a3.jpg]
[en.jxds-jt.com/pro_list/992082765082619904.html]
[en.jxds-jt.com/pro_list/996806404091166720.html]
[en.jxds-jt.com/pro_list/996806441412083712.html]
[en.jxds-jt.com/pro_list/996806470755434496.html]
[en.jxds-jt.com/pro_list/992082765082619904-0-16.html]
[en.jxds-jt.com/css/news_list_b2fe924f4726b9a6e828d2e13e74b7c80001a3b1.min7eb1.css]
[en.jxds-jt.com/news_detail/12880122.html]
[en.jxds-jt.com/news_detail/12880012.html]
[en.jxds-jt.com/news_detail/12876799.html]
[en.jxds-jt.com/news_list/1977-0-6.html]
[en.jxds-jt.com/news_list/1977.html]
[en.jxds-jt.com/news_list/1977-6-6.html]
[en.jxds-jt.com/news_list/3366-0-6.html]
[en.jxds-jt.com/news_list/3366.html]
[en.jxds-jt.com/news_list/3366-6-6.html]
[en.jxds-jt.com/news_list/3365-0-6.html]
[en.jxds-jt.com/news_list/3365.html]
[en.jxds-jt.com/news_list/3365-6-6.html]
[en.jxds-jt.com/news_list/2598338-0-6.html]
[en.jxds-jt.com/news_list/2598338.html]
[en.jxds-jt.com/news_list/2598338-6-6.html]
[en.jxds-jt.com/css/xswl_3ec5a51d4aa1232040b917964da25a6f8fa35a7d.min7eb1.css]
[omo-oss-image.thefastimg.com/portal-saas/new2022052122174754283/cms/image/49ab4f83-0e66-4230-b2ed-afd3f073d6ba.jpg]
[omo-oss-image.thefastimg.com/portal-saas/new2022052122174754283/cms/image/8dcc1a0b-6217-4560-89fe-5284697d59df.jpg]
[omo-oss-image.thefastimg.com/portal-saas/new2022052122174754283/cms/image/80cad2a3-b782-4e24-986a-b30ca236d15a.jpg]
[omo-oss-image.thefastimg.com/portal-saas/new2022052122174754283/cms/image/1741e185-4fe9-4034-a874-2c5a74e5866e.jpg]
[omo-oss-image.thefastimg.com/portal-saas/new2022052122174754283/cms/image/7d73b01f-e1e5-49d5-a21d-f63dddf54f7c.jpg]
[omo-oss-image.thefastimg.com/portal-saas/new2022052122174754283/cms/image/ffe9611c-f070-48df-8b4e-ce5226262d00.jpg]
[omo-oss-image.thefastimg.com/portal-saas/new2022052122174754283/cms/image/9eda6ee8-8a4f-4866-b6e5-06dd9058777c.jpg]
[omo-oss-image.thefastimg.com/portal-saas/new2022052122174754283/cms/image/933c3065-2e23-41c7-9200-8cd007513b85.jpg]
[omo-oss-image.thefastimg.com/portal-saas/new2022052122174754283/cms/image/481627bb-babb-4256-8100-95e9476e91a2.jpg]
[omo-oss-image.thefastimg.com/portal-saas/new2022052122174754283/cms/image/97c377ba-3f05-48c9-b1b8-ad4076e9d431.jpg]
[omo-oss-image.thefastimg.com/portal-saas/new2022052122174754283/cms/image/2be362bb-8f05-4869-b657-c3870483a9c1.jpg]
[omo-oss-image.thefastimg.com/portal-saas/new2022052122174754283/cms/image/0505ebaa-5c19-4ddf-95b0-312fa194bf59.jpg]
[en.jxds-jt.com/xswl/p-0-12.html]
[en.jxds-jt.com/xswl.html]
[en.jxds-jt.com/xswl/p-12-12.html]
[en.jxds-jt.com/css/fwbz_87ab0ebd5886265750f6879c4625547d48706b74.min7eb1.css]
[omo-oss-image.thefastimg.com/portal-saas/demo_01c18b8935314b5386d5eb98cc8590bd/cms/image/cfe52da1-daf8-44de-8e29-8d6d0f2b907f.png]
[omo-oss-image.thefastimg.com/portal-saas/demo_01c18b8935314b5386d5eb98cc8590bd/cms/image/fe3cc3cd-9b1b-49d8-a6c5-db58d629228c.png]
[omo-oss-image.thefastimg.com/portal-saas/demo_01c18b8935314b5386d5eb98cc8590bd/cms/image/c4e78cb6-e735-49ba-9ebc-204e0d413ac3.png]
[en.jxds-jt.com/fwbz.html]
[en.jxds-jt.com/css/hzhb_e55bb80bde7950a59f0c4df2db30c205b75fbc0d.min7eb1.css]
[omo-oss-image.thefastimg.com/portal-saas/new2022052122174754283/cms/image/f3fc94e1-6256-4b7c-95d7-8a64de9f551e.jpg]
[omo-oss-image.thefastimg.com/portal-saas/new2022052122174754283/cms/image/159f8fd9-7b16-4eeb-9628-44119882f367.jpg]
[omo-oss-image.thefastimg.com/portal-saas/new2022052122174754283/cms/image/9df2469b-e9f2-445c-a078-be1f56a69498.jpg]
[omo-oss-image.thefastimg.com/portal-saas/new2022052122174754283/cms/image/a375206d-4048-4931-951e-af0b049f09d6.jpg]
[omo-oss-image.thefastimg.com/portal-saas/new2022052122174754283/cms/image/c06716f7-e85c-4563-8f81-b9644ee54063.jpg]
[omo-oss-image.thefastimg.com/portal-saas/new2022052122174754283/cms/image/aff80421-8483-4b83-b98a-fb948040455f.jpg]
[omo-oss-image.thefastimg.com/portal-saas/new2022052122174754283/cms/image/de555953-37dc-43de-99e9-dfafc78fe085.jpg]
[omo-oss-image.thefastimg.com/portal-saas/new2022052122174754283/cms/image/b40a9c4f-e68f-40b3-a89b-0eb6764e33de.jpg]
[omo-oss-image.thefastimg.com/portal-saas/new2022052122174754283/cms/image/e4c39ce8-6f4d-47e6-84e2-94298e1c6831.jpg]
[omo-oss-image.thefastimg.com/portal-saas/new2022052122174754283/cms/image/76af8e83-e8f4-4c5b-822d-25cd3cf51c59.jpg]
[omo-oss-image.thefastimg.com/portal-saas/new2022052122174754283/cms/image/c377b264-488b-4288-bf0a-232d4e4f9ca1.jpg]
[omo-oss-image.thefastimg.com/portal-saas/new2022052122174754283/cms/image/9efa3088-54f7-4292-9189-ba1dd745cf47.jpg]
[en.jxds-jt.com/hzhb.html]
[en.jxds-jt.com/css/join_us_6fbcdeff30c765d03a078eab83ab97448bb0b67a.min7eb1.css]
[en.jxds-jt.com/join_detail/11981506.html]
[en.jxds-jt.com/join_detail/11981343.html]
[en.jxds-jt.com/join_detail/11981296.html]
[en.jxds-jt.com/join_detail/11980546.html]
[en.jxds-jt.com/join_detail/11980450.html]
[en.jxds-jt.com/join_us.html]
[en.jxds-jt.com/join_us/p-0-10.html]
[en.jxds-jt.com/contact.html]
[en.jxds-jt.com/upload/css/520d2d9dff6349088eca17790f51ede1efa0.css]
[www.sagacnc.com/upload/js/jquery.running.min.html]
[en.jxds-jt.com/css/contact_3f9b67bf4e4a8a13c58151a02fa76f12bc76e596.min7eb1.css]
[en.jxds-jt.com/css/news_detail_5d18ec05b91a99885f1a33f5580e310ced538e44.min7eb1.css]
[en.jxds-jt.com/news_detail/China News Agency, Beijing, September 7 (Reporter Wang Zumin) On the 7th, the Ministry of Civil Affairs of China publicly solicited opinions on the]
[en.jxds-jt.com/news_detail/China News Service, July 11. According to the website of the Ministry of Civil Affairs, recently, the Ministry of Civil Affairs issued an action plan for promoting]
[en.jxds-jt.com/news_detail/In order to implement the major decisions and deployments of the Party Central Committee and the State Council on the construction of a powerful country through the Internet, the reform of]
[en.jxds-jt.com/news_detail/From October 28th to 29th, the 2020 China Funeral Association Cemetery Work Exchange Meeting was held. With the theme of]
[en.jxds-jt.com/news_detail/12880411.html]
[en.jxds-jt.com/news_detail/Entering the Internet era, China's funeral is undergoing a revolutionary change. The traditional peripheral route is becoming more and more difficult, the intermediary model is rising, and]
[omo-oss-image.thefastimg.com/portal-saas/new2022052122174754283/cms/image/61bad9b2-b27c-4a52-b998-86ba998a1c34.jpg]
[en.jxds-jt.com/news_detail/12880290.html]
[en.jxds-jt.com/China News Agency, Beijing, September 7 (Reporter Wang Zumin) On the 7th, the Ministry of Civil Affairs of China publicly solicited opinions on the.html]
[omo-oss-image.thefastimg.com/portal-saas/new2022052122174754283/cms/image/51f52d8d-a75c-4142-aa39-713000ca6540.jpg]
[en.jxds-jt.com/news_detail/12880196.html]
[en.jxds-jt.com/China News Service, July 11.html]
[en.jxds-jt.com/css/seoList_9cedb945b735ceaeaebd5e85729e5d7804757688.min7eb1.css]
[en.jxds-jt.com/seoList.html]
[en.jxds-jt.com/assets/sprites.html]
[en.jxds-jt.com/css/gsjj_46da7a779faca74aa78da200c9e0eacdfb2c4278.min7eb1.css]
[en.jxds-jt.com/css/qywh_59dd4aa66b0c9992f7f641d1264f24cc59568118.min7eb1.css]
[en.jxds-jt.com/css/zzry_fc6ebfd46d4d4946dac12c0bdb89b5ffe6a50e21.min7eb1.css]
[en.jxds-jt.com/zzry/p-0-12.html]
[en.jxds-jt.com/seoDetails/1549691951509422080.html]
[omo-oss-image.thefastimg.com/portal-saas/new2022052122174754283/cms/image/34142300-155b-4c13-8134-cd0a8f19e829.jpg]
[omo-oss-image.thefastimg.com/portal-saas/new2022052122174754283/cms/image/696e01be-f4d2-431b-800c-8f40616bb808.jpg]
[omo-oss-image.thefastimg.com/portal-saas/new2022052122174754283/cms/image/255d85c4-9e6d-411b-9fe5-fb9af91f87a8.jpg]
[en.jxds-jt.com/zzry/p-12-12.html]
[en.jxds-jt.com/css/work_style_34f6ac4bbd2e5d300287101be0e02ba801007171.min7eb1.css]
[en.jxds-jt.com/work_style/p-0-6.html]
[en.jxds-jt.com/css/pro_list_fdc522bce7242da5bbfb8078709f042e150c61de.min7eb1.css]
[en.jxds-jt.com/css/pro_detail_895b6b034b98830efda28fc6d08647d6da46f1d2.min7eb1.css]
[omo-oss-image.thefastimg.com/portal-saas/new2022052122174754283/cms/image/13d18505-50b8-4e3f-9e7f-cad917662b4b.jpg]
[omo-oss-image.thefastimg.com/portal-saas/new2022052122174674756/cms/image/1c0ce8d2-d0cf-419a-8426-a1ab4d7393bf.jpg]
[en.jxds-jt.com/pro_detail/996797700321824768.html]
[en.jxds-jt.com/pro_detail/996797623621472256.html]
[en.jxds-jt.com/pro_detail/996797545116684288.html]
[en.jxds-jt.com/pro_detail/996797467454066688.html]
[en.jxds-jt.com/pro_detail/996797394729914368.html]
[en.jxds-jt.com/pro_detail/996797289925955584.html]
[omo-oss-image.thefastimg.com/portal-saas/new2022052122174674756/cms/image/7d0b688f-2dc6-47ed-9989-6d5497ccad1e.jpg]
[en.jxds-jt.com/pro_detail/996797180510031872.html]
[en.jxds-jt.com/pro_detail/996797107441061888.html]
[en.jxds-jt.com/pro_detail/996797005146181632.html]
[en.jxds-jt.com/pro_detail/996796672965693440.html]
[en.jxds-jt.com/pro_detail/996796606518644736.html]
[en.jxds-jt.com/pro_detail/996796498192355328.html]
[en.jxds-jt.com/pro_detail/996791338942582784.html]
[en.jxds-jt.com/pro_detail/996791013025075200.html]
[en.jxds-jt.com/pro_detail/996790781486026752.html]
[en.jxds-jt.com/pro_detail/996779318616772608.html]
[omo-oss-image.thefastimg.com/portal-saas/new2022052122174754283/cms/image/9c2460f2-18cb-477d-bc7a-2ba39a9157a5.jpg]
[en.jxds-jt.com/pro_detail/996737441541476352.html]
[omo-oss-image.thefastimg.com/portal-saas/new2022052122174754283/cms/image/328f1522-c69e-4a67-9db5-a5978444d74e.jpg]
[en.jxds-jt.com/pro_detail/996737218361675776.html]
[omo-oss-image.thefastimg.com/portal-saas/new2022052122174754283/cms/image/8eb50c8a-8c45-4315-ae28-c17b8998b821.jpg]
[en.jxds-jt.com/pro_detail/996790509766430720.html]
[en.jxds-jt.com/pro_list/949390846326120448-0-16.html]
[en.jxds-jt.com/pro_list/949390846326120448-16-16.html]
[en.jxds-jt.com/pro_detail/996734931862900736.html]
[omo-oss-image.thefastimg.com/portal-saas/new2022052122174754283/cms/image/64a852de-85c0-4761-b0ef-1024b12ed3f5.jpg]
[en.jxds-jt.com/pro_detail/996734777751588864.html]
[omo-oss-image.thefastimg.com/portal-saas/new2022052122174754283/cms/image/0d0ba40f-2fcf-4e06-8948-ce878fcb2953.jpg]
[en.jxds-jt.com/pro_detail/996734515892801536.html]
[omo-oss-image.thefastimg.com/portal-saas/new2022052122174754283/cms/image/b7f5dafb-69ef-4f2e-9a81-259004ca3a09.jpg]
[en.jxds-jt.com/pro_detail/996477283443757056.html]
[omo-oss-image.thefastimg.com/portal-saas/new2022052122174754283/cms/image/0aafbf1e-8e00-4f54-87d2-fc2255c5a839.jpg]
[en.jxds-jt.com/pro_detail/996476997522247680.html]
[omo-oss-image.thefastimg.com/portal-saas/new2022052122174754283/cms/image/c9b9a96a-214f-445a-be35-663c3b59a95e.jpg]
[omo-oss-image.thefastimg.com/portal-saas/new2022052122174754283/cms/image/598ddf9a-b08f-427c-acdb-5393c0c02bcb.jpg]
[en.jxds-jt.com/pro_detail/996476696450912256.html]
[omo-oss-image.thefastimg.com/portal-saas/new2022052122174754283/cms/image/1ebdafd9-3dc7-4d5d-96b0-5749a0f63e92.jpg]
[en.jxds-jt.com/pro_detail/996476444272578560.html]
[omo-oss-image.thefastimg.com/portal-saas/new2022052122174754283/cms/image/cfb89916-2295-4813-9e1d-258fe544901a.jpg]
[en.jxds-jt.com/pro_detail/996476275144773632.html]
[omo-oss-image.thefastimg.com/portal-saas/new2022052122174754283/cms/image/20839471-c151-4695-87a4-6ee444362741.jpg]
[en.jxds-jt.com/pro_detail/996474875434225664.html]
[en.jxds-jt.com/pro_list/949390846326120448-32-16.html]
[omo-oss-image.thefastimg.com/portal-saas/new2022052122174674756/cms/image/6a59bdf5-8b51-4914-8d7d-c608e4a20bde.jpg]
[en.jxds-jt.com/pro_detail/996472868275212288.html]
[omo-oss-image.thefastimg.com/portal-saas/new2022052122174674756/cms/image/aac83096-17ee-45bf-81e8-52d6cdd8b487.jpg]
[en.jxds-jt.com/pro_detail/996384771760803840.html]
[omo-oss-image.thefastimg.com/portal-saas/new2022052122174674756/cms/image/386ebf06-1738-4d25-87af-04bc67e1f39a.jpg]
[en.jxds-jt.com/pro_detail/996363278314196992.html]
[omo-oss-image.thefastimg.com/portal-saas/new2022052122174674756/cms/image/8916735f-1dbf-4701-a22c-b9c2c36e574e.jpg]
[en.jxds-jt.com/pro_detail/996345254638243840.html]
[en.jxds-jt.com/pro_list/949392059071758336-0-16.html]
[en.jxds-jt.com/pro_detail/996790161023520768.html]
[en.jxds-jt.com/pro_detail/996789808651653120.html]
[en.jxds-jt.com/pro_detail/996789666976452608.html]
[en.jxds-jt.com/pro_detail/996789383415451648.html]
[en.jxds-jt.com/pro_detail/996789274993577984.html]
[en.jxds-jt.com/pro_detail/996788963875999744.html]
[en.jxds-jt.com/pro_detail/996788448585666560.html]
[omo-oss-image.thefastimg.com/portal-saas/new2022052122174674756/cms/image/2f8c7e7f-5bd2-4483-9347-83988fa30973.jpg]
[en.jxds-jt.com/pro_detail/996785151715037184.html]
[en.jxds-jt.com/pro_detail/996784652082040832.html]
[en.jxds-jt.com/pro_detail/996779841306742784.html]
[en.jxds-jt.com/pro_detail/996779677221376000.html]
[en.jxds-jt.com/pro_detail/996779448192290816.html]
[en.jxds-jt.com/pro_list/949391964724699136-0-16.html]
[en.jxds-jt.com/pro_list/949391964724699136-16-16.html]
[en.jxds-jt.com/pro_list/949391851059060736-0-16.html]
[omo-oss-image.thefastimg.com/portal-saas/new2022052122174674756/cms/image/bff57a0a-c682-46e2-b3ef-95c661dbc18b.jpg]
[omo-oss-image.thefastimg.com/portal-saas/new2022052122174674756/cms/image/57ac4c52-0f1d-4b54-bc2d-d8b59cbbf0ef.jpg]
[en.jxds-jt.com/pro_detail/996783493028073472.html]
[en.jxds-jt.com/pro_list/949391759879471104-0-16.html]
[omo-oss-image.thefastimg.com/portal-saas/new2022052122174674756/cms/image/d731cc5d-78b8-4768-bb22-e5076f18f5a3.jpg]
[omo-oss-image.thefastimg.com/portal-saas/new2022052122174674756/cms/image/1daecf8d-6819-45c9-91a3-0c5cf6582243.jpg]
[en.jxds-jt.com/pro_detail/996782368626561024.html]
[en.jxds-jt.com/pro_list/992082765082619904-0-16.html]
[en.jxds-jt.com/css/news_list_b2fe924f4726b9a6e828d2e13e74b7c80001a3b1.min7eb1.css]
[en.jxds-jt.com/news_detail/12880122.html]
[en.jxds-jt.com/news_detail/12880012.html]
[en.jxds-jt.com/news_detail/12876799.html]
[en.jxds-jt.com/news_list/1977-0-6.html]
[en.jxds-jt.com/news_detail/12876614.html]
[en.jxds-jt.com/news_detail/11111251.html]
[en.jxds-jt.com/news_list/1977-6-6.html]
[en.jxds-jt.com/news_list/3366-0-6.html]
[en.jxds-jt.com/news_list/3366-6-6.html]
[en.jxds-jt.com/news_list/3365-0-6.html]
[en.jxds-jt.com/news_list/3365-6-6.html]
[en.jxds-jt.com/news_list/2598338-0-6.html]
[en.jxds-jt.com/news_list/2598338-6-6.html]
[en.jxds-jt.com/css/xswl_3ec5a51d4aa1232040b917964da25a6f8fa35a7d.min7eb1.css]
[en.jxds-jt.com/xswl/p-0-12.html]
[en.jxds-jt.com/news_detail/11111186.html]
[en.jxds-jt.com/news_detail/11110390.html]
[omo-oss-image.thefastimg.com/portal-saas/new2022052122174754283/cms/image/b00f68d0-9c9c-467f-9ff3-c4b306254c02.jpg]
[omo-oss-image.thefastimg.com/portal-saas/new2022052122174754283/cms/image/aaf61943-e4f6-4b8c-94ed-ba234f5a42c5.jpg]
[en.jxds-jt.com/xswl/p-12-12.html]
[en.jxds-jt.com/css/fwbz_87ab0ebd5886265750f6879c4625547d48706b74.min7eb1.css]
[en.jxds-jt.com/css/hzhb_e55bb80bde7950a59f0c4df2db30c205b75fbc0d.min7eb1.css]
[en.jxds-jt.com/css/join_us_6fbcdeff30c765d03a078eab83ab97448bb0b67a.min7eb1.css]
[en.jxds-jt.com/join_detail/11981506.html]
[en.jxds-jt.com/join_detail/11981343.html]
[en.jxds-jt.com/join_detail/11981296.html]
[en.jxds-jt.com/join_detail/11980546.html]
[en.jxds-jt.com/join_detail/11980450.html]
[en.jxds-jt.com/join_us/p-0-10.html]
[en.jxds-jt.com/css/contact_3f9b67bf4e4a8a13c58151a02fa76f12bc76e596.min7eb1.css]
[en.jxds-jt.com/css/news_detail_5d18ec05b91a99885f1a33f5580e310ced538e44.min7eb1.css]
[en.jxds-jt.com/news_detail/China News Agency, Beijing, September 7 (Reporter Wang Zumin) On the 7th, the Ministry of Civil Affairs of China publicly solicited opinions on the.html]
[en.jxds-jt.com/news_detail/China News Service, July 11.html]
[en.jxds-jt.com/news_detail/In order to implement the major decisions and deployments of the Party Central Committee and the State Council on the construction of a powerful country through the Internet, the reform of]
[en.jxds-jt.com/news_detail/Entering the Internet era, China's funeral is undergoing a revolutionary change. The traditional peripheral route is becoming more and more difficult, the intermediary model is rising, and]
[en.jxds-jt.com/news_detail/From October 28th to 29th, the 2020 China Funeral Association Cemetery Work Exchange Meeting was held.html]
[en.jxds-jt.com/css/seoList_9cedb945b735ceaeaebd5e85729e5d7804757688.min7eb1.css]
[en.jxds-jt.com/css/join_detail_714cb0f1c089ced0b3a6ca001f9da91a1c8f5228.min7eb1.css]
[en.jxds-jt.com/seoDetails/1549691951509422080.html]
[en.jxds-jt.com/css/pro_detail_895b6b034b98830efda28fc6d08647d6da46f1d2.min7eb1.css]
[en.jxds-jt.com/pro_detail/996779318616772608.html]
[en.jxds-jt.com/pro_detail/996737441541476352.html]
[en.jxds-jt.com/pro_detail/996737218361675776.html]
[en.jxds-jt.com/pro_detail/996734931862900736.html]
[en.jxds-jt.com/pro_detail/996734777751588864.html]
[en.jxds-jt.com/pro_detail/996734515892801536.html]
[en.jxds-jt.com/pro_detail/996477283443757056.html]
[en.jxds-jt.com/pro_detail/996476997522247680.html]
[en.jxds-jt.com/pro_detail/996476696450912256.html]
[en.jxds-jt.com/pro_detail/996476444272578560.html]
[en.jxds-jt.com/pro_detail/996476275144773632.html]
[en.jxds-jt.com/pro_detail/996474875434225664.html]
[en.jxds-jt.com/news_detail/12876614.html]
[en.jxds-jt.com/news_detail/11111251.html]
[en.jxds-jt.com/news_detail/11111186.html]
[en.jxds-jt.com/news_detail/11110390.html]
[en.jxds-jt.com/css/join_detail_714cb0f1c089ced0b3a6ca001f9da91a1c8f5228.min7eb1.css]
[en.jxds-jt.com/css/seoDetails_f881153617f8d4719bbb6f0437f799221711391e.min7eb1.css]
[en.jxds-jt.com/css/seoDetails_f881153617f8d4719bbb6f0437f799221711391e.min7eb1.css]
